{"/Users/lezinsajid/Documents/programs/main project/HikerNet/Backend/src/lib/encryption.js": {"path":"/Users/lezinsajid/Documents/programs/main project/HikerNet/Backend/src/lib/encryption.js","statementMap":{"0":{"start":{"line":4,"column":23},"end":{"line":4,"column":54}},"1":{"start":{"line":5,"column":18},"end":{"line":5,"column":20}},"2":{"start":{"line":7,"column":0},"end":{"line":9,"column":1}},"3":{"start":{"line":8,"column":4},"end":{"line":8,"column":102}},"4":{"start":{"line":12,"column":4},"end":{"line":12,"column":27}},"5":{"start":{"line":12,"column":15},"end":{"line":12,"column":27}},"6":{"start":{"line":13,"column":4},"end":{"line":13,"column":37}},"7":{"start":{"line":13,"column":25},"end":{"line":13,"column":37}},"8":{"start":{"line":15,"column":4},"end":{"line":24,"column":5}},"9":{"start":{"line":16,"column":19},"end":{"line":16,"column":48}},"10":{"start":{"line":17,"column":23},"end":{"line":17,"column":99}},"11":{"start":{"line":18,"column":24},"end":{"line":18,"column":43}},"12":{"start":{"line":19,"column":8},"end":{"line":19,"column":63}},"13":{"start":{"line":20,"column":8},"end":{"line":20,"column":68}},"14":{"start":{"line":22,"column":8},"end":{"line":22,"column":50}},"15":{"start":{"line":23,"column":8},"end":{"line":23,"column":20}},"16":{"start":{"line":28,"column":4},"end":{"line":28,"column":27}},"17":{"start":{"line":28,"column":15},"end":{"line":28,"column":27}},"18":{"start":{"line":29,"column":4},"end":{"line":29,"column":37}},"19":{"start":{"line":29,"column":25},"end":{"line":29,"column":37}},"20":{"start":{"line":31,"column":4},"end":{"line":49,"column":5}},"21":{"start":{"line":32,"column":26},"end":{"line":32,"column":41}},"22":{"start":{"line":35,"column":8},"end":{"line":35,"column":48}},"23":{"start":{"line":35,"column":36},"end":{"line":35,"column":48}},"24":{"start":{"line":37,"column":19},"end":{"line":37,"column":56}},"25":{"start":{"line":38,"column":8},"end":{"line":38,"column":49}},"26":{"start":{"line":38,"column":37},"end":{"line":38,"column":49}},"27":{"start":{"line":40,"column":30},"end":{"line":40,"column":69}},"28":{"start":{"line":41,"column":25},"end":{"line":41,"column":103}},"29":{"start":{"line":42,"column":24},"end":{"line":42,"column":54}},"30":{"start":{"line":43,"column":8},"end":{"line":43,"column":65}},"31":{"start":{"line":44,"column":8},"end":{"line":44,"column":36}},"32":{"start":{"line":48,"column":8},"end":{"line":48,"column":20}}},"fnMap":{"0":{"name":"encrypt","decl":{"start":{"line":11,"column":9},"end":{"line":11,"column":16}},"loc":{"start":{"line":11,"column":23},"end":{"line":25,"column":1}},"line":11},"1":{"name":"decrypt","decl":{"start":{"line":27,"column":9},"end":{"line":27,"column":16}},"loc":{"start":{"line":27,"column":23},"end":{"line":50,"column":1}},"line":27}},"branchMap":{"0":{"loc":{"start":{"line":7,"column":0},"end":{"line":9,"column":1}},"type":"if","locations":[{"start":{"line":7,"column":0},"end":{"line":9,"column":1}},{"start":{},"end":{}}],"line":7},"1":{"loc":{"start":{"line":12,"column":4},"end":{"line":12,"column":27}},"type":"if","locations":[{"start":{"line":12,"column":4},"end":{"line":12,"column":27}},{"start":{},"end":{}}],"line":12},"2":{"loc":{"start":{"line":13,"column":4},"end":{"line":13,"column":37}},"type":"if","locations":[{"start":{"line":13,"column":4},"end":{"line":13,"column":37}},{"start":{},"end":{}}],"line":13},"3":{"loc":{"start":{"line":28,"column":4},"end":{"line":28,"column":27}},"type":"if","locations":[{"start":{"line":28,"column":4},"end":{"line":28,"column":27}},{"start":{},"end":{}}],"line":28},"4":{"loc":{"start":{"line":29,"column":4},"end":{"line":29,"column":37}},"type":"if","locations":[{"start":{"line":29,"column":4},"end":{"line":29,"column":37}},{"start":{},"end":{}}],"line":29},"5":{"loc":{"start":{"line":35,"column":8},"end":{"line":35,"column":48}},"type":"if","locations":[{"start":{"line":35,"column":8},"end":{"line":35,"column":48}},{"start":{},"end":{}}],"line":35},"6":{"loc":{"start":{"line":38,"column":8},"end":{"line":38,"column":49}},"type":"if","locations":[{"start":{"line":38,"column":8},"end":{"line":38,"column":49}},{"start":{},"end":{}}],"line":38}},"s":{"0":1,"1":1,"2":1,"3":0,"4":3,"5":0,"6":3,"7":0,"8":3,"9":3,"10":3,"11":3,"12":3,"13":3,"14":0,"15":0,"16":1,"17":0,"18":1,"19":0,"20":1,"21":1,"22":1,"23":0,"24":1,"25":1,"26":0,"27":1,"28":1,"29":1,"30":1,"31":1,"32":0},"f":{"0":3,"1":1},"b":{"0":[0,1],"1":[0,3],"2":[0,3],"3":[0,1],"4":[0,1],"5":[0,1],"6":[0,1]},"inputSourceMap":null,"_coverageSchema":"1a1c01bbd47fc00a2c39e90264f33305004495a9","hash":"4600f616f74008b8b4957c4fb7121624ae1f45dc"}
}
