TN:
SF:src/lib/encryption.js
FN:11,encrypt
FN:27,decrypt
FNF:2
FNH:2
FNDA:3,encrypt
FNDA:1,decrypt
DA:4,1
DA:5,1
DA:7,1
DA:8,0
DA:12,3
DA:13,3
DA:15,3
DA:16,3
DA:17,3
DA:18,3
DA:19,3
DA:20,3
DA:22,0
DA:23,0
DA:28,1
DA:29,1
DA:31,1
DA:32,1
DA:35,1
DA:37,1
DA:38,1
DA:40,1
DA:41,1
DA:42,1
DA:43,1
DA:44,1
DA:48,0
LF:27
LH:23
BRDA:7,0,0,0
BRDA:7,0,1,1
BRDA:12,1,0,0
BRDA:12,1,1,3
BRDA:13,2,0,0
BRDA:13,2,1,3
BRDA:28,3,0,0
BRDA:28,3,1,1
BRDA:29,4,0,0
BRDA:29,4,1,1
BRDA:35,5,0,0
BRDA:35,5,1,1
BRDA:38,6,0,0
BRDA:38,6,1,1
BRF:14
BRH:7
end_of_record
